# JRE version: Java(TM) SE Runtime Environment (9.0+11) (build 9.0.4+11)
# Java VM: Java HotSpot(TM) 64-Bit Server VM (9.0.4+11, mixed mode, tiered, compressed oops, g1 gc, windows-amd64)
Heap:
 garbage-first heap   total 198656K, used 122143K [0x0000000700000000, 0x0000000700100610, 0x00000007c0000000)
  region size 1024K, 57 young (58368K), 1 survivors (1024K)
 Metaspace       used 83694K, capacity 86605K, committed 90652K, reserved 1128448K
  class space    used 11225K, capacity 11779K, committed 12572K, reserved 1048576K
GC Heap History (10 events):
Event: 93156.480 GC heap before
{Heap before GC invocations=548 (full 147):
 garbage-first heap   total 198656K, used 125871K [0x0000000700000000, 0x0000000700100610, 0x00000007c0000000)
  region size 1024K, 60 young (61440K), 1 survivors (1024K)
 Metaspace       used 83585K, capacity 86369K, committed 90396K, reserved 1126400K
  class space    used 11205K, capacity 11747K, committed 12572K, reserved 1048576K
}
Event: 93156.482 GC heap after
{Heap after GC invocations=549 (full 147):
 garbage-first heap   total 198656K, used 65334K [0x0000000700000000, 0x0000000700100610, 0x00000007c0000000)
  region size 1024K, 1 young (1024K), 1 survivors (1024K)
 Metaspace       used 83585K, capacity 86369K, committed 90396K, reserved 1126400K
  class space    used 11205K, capacity 11747K, committed 12572K, reserved 1048576K
}
Event: 93162.321 GC heap before
{Heap before GC invocations=549 (full 147):
 garbage-first heap   total 198656K, used 125750K [0x0000000700000000, 0x0000000700100610, 0x00000007c0000000)
  region size 1024K, 60 young (61440K), 1 survivors (1024K)
 Metaspace       used 83586K, capacity 86369K, committed 90396K, reserved 1126400K
  class space    used 11205K, capacity 11747K, committed 12572K, reserved 1048576K
}
Event: 93162.323 GC heap after
{Heap after GC invocations=550 (full 147):
 garbage-first heap   total 198656K, used 65492K [0x0000000700000000, 0x0000000700100610, 0x00000007c0000000)
  region size 1024K, 1 young (1024K), 1 survivors (1024K)
 Metaspace       used 83586K, capacity 86369K, committed 90396K, reserved 1126400K
  class space    used 11205K, capacity 11747K, committed 12572K, reserved 1048576K
}
Event: 93164.266 GC heap before
{Heap before GC invocations=550 (full 147):
 garbage-first heap   total 198656K, used 125908K [0x0000000700000000, 0x0000000700100610, 0x00000007c0000000)
  region size 1024K, 60 young (61440K), 1 survivors (1024K)
 Metaspace       used 83587K, capacity 86369K, committed 90396K, reserved 1126400K
  class space    used 11205K, capacity 11747K, committed 12572K, reserved 1048576K
}
Event: 93164.267 GC heap after
{Heap after GC invocations=551 (full 147):
 garbage-first heap   total 198656K, used 65505K [0x0000000700000000, 0x0000000700100610, 0x00000007c0000000)
  region size 1024K, 1 young (1024K), 1 survivors (1024K)
 Metaspace       used 83587K, capacity 86369K, committed 90396K, reserved 1126400K
  class space    used 11205K, capacity 11747K, committed 12572K, reserved 1048576K
}
Event: 93179.259 GC heap before
{Heap before GC invocations=551 (full 147):
 garbage-first heap   total 198656K, used 125921K [0x0000000700000000, 0x0000000700100610, 0x00000007c0000000)
  region size 1024K, 60 young (61440K), 1 survivors (1024K)
 Metaspace       used 83596K, capacity 86369K, committed 90396K, reserved 1126400K
  class space    used 11205K, capacity 11747K, committed 12572K, reserved 1048576K
}
Event: 93179.261 GC heap after
{Heap after GC invocations=552 (full 147):
 garbage-first heap   total 198656K, used 65621K [0x0000000700000000, 0x0000000700100610, 0x00000007c0000000)
  region size 1024K, 1 young (1024K), 1 survivors (1024K)
 Metaspace       used 83596K, capacity 86369K, committed 90396K, reserved 1126400K
  class space    used 11205K, capacity 11747K, committed 12572K, reserved 1048576K
}
Event: 93185.524 GC heap before
{Heap before GC invocations=552 (full 147):
 garbage-first heap   total 198656K, used 126037K [0x0000000700000000, 0x0000000700100610, 0x00000007c0000000)
  region size 1024K, 60 young (61440K), 1 survivors (1024K)
 Metaspace       used 83690K, capacity 86605K, committed 90652K, reserved 1128448K
  class space    used 11225K, capacity 11779K, committed 12572K, reserved 1048576K
}
Event: 93185.526 GC heap after
{Heap after GC invocations=553 (full 147):
 garbage-first heap   total 198656K, used 65823K [0x0000000700000000, 0x0000000700100610, 0x00000007c0000000)
  region size 1024K, 1 young (1024K), 1 survivors (1024K)
 Metaspace       used 83690K, capacity 86605K, committed 90652K, reserved 1128448K
  class space    used 11225K, capacity 11779K, committed 12572K, reserved 1048576K
}

