# JRE version: Java(TM) SE Runtime Environment (9.0+11) (build 9.0.4+11)
# Java VM: Java HotSpot(TM) 64-Bit Server VM (9.0.4+11, mixed mode, tiered, compressed oops, g1 gc, windows-amd64)
Heap:
 garbage-first heap   total 181248K, used 80154K [0x0000000700000000, 0x0000000700100588, 0x00000007c0000000)
  region size 1024K, 13 young (13312K), 1 survivors (1024K)
 Metaspace       used 74325K, capacity 78777K, committed 78800K, reserved 1116160K
  class space    used 10389K, capacity 11193K, committed 11216K, reserved 1048576K
GC Heap History (10 events):
Event: 46.850 GC heap before
{Heap before GC invocations=29 (full 1):
 garbage-first heap   total 181248K, used 123312K [0x0000000700000000, 0x0000000700100588, 0x00000007c0000000)
  region size 1024K, 60 young (61440K), 2 survivors (2048K)
 Metaspace       used 70378K, capacity 74553K, committed 74704K, reserved 1114112K
  class space    used 9825K, capacity 10599K, committed 10704K, reserved 1048576K
}
Event: 46.856 GC heap after
{Heap after GC invocations=30 (full 1):
 garbage-first heap   total 181248K, used 68831K [0x0000000700000000, 0x0000000700100588, 0x00000007c0000000)
  region size 1024K, 7 young (7168K), 7 survivors (7168K)
 Metaspace       used 70378K, capacity 74553K, committed 74704K, reserved 1114112K
  class space    used 9825K, capacity 10599K, committed 10704K, reserved 1048576K
}
Event: 47.117 GC heap before
{Heap before GC invocations=30 (full 1):
 garbage-first heap   total 181248K, used 123103K [0x0000000700000000, 0x0000000700100588, 0x00000007c0000000)
  region size 1024K, 60 young (61440K), 7 survivors (7168K)
 Metaspace       used 71596K, capacity 75815K, committed 76112K, reserved 1114112K
  class space    used 9948K, capacity 10708K, committed 10832K, reserved 1048576K
}
Event: 47.121 GC heap after
{Heap after GC invocations=31 (full 1):
 garbage-first heap   total 181248K, used 68531K [0x0000000700000000, 0x0000000700100588, 0x00000007c0000000)
  region size 1024K, 2 young (2048K), 2 survivors (2048K)
 Metaspace       used 71596K, capacity 75815K, committed 76112K, reserved 1114112K
  class space    used 9948K, capacity 10708K, committed 10832K, reserved 1048576K
}
Event: 47.450 GC heap before
{Heap before GC invocations=31 (full 1):
 garbage-first heap   total 181248K, used 127923K [0x0000000700000000, 0x0000000700100588, 0x00000007c0000000)
  region size 1024K, 60 young (61440K), 2 survivors (2048K)
 Metaspace       used 73342K, capacity 77849K, committed 78032K, reserved 1116160K
  class space    used 10312K, capacity 11097K, committed 11216K, reserved 1048576K
}
Event: 47.454 GC heap after
{Heap after GC invocations=32 (full 1):
 garbage-first heap   total 181248K, used 69776K [0x0000000700000000, 0x0000000700100588, 0x00000007c0000000)
  region size 1024K, 3 young (3072K), 3 survivors (3072K)
 Metaspace       used 73342K, capacity 77849K, committed 78032K, reserved 1116160K
  class space    used 10312K, capacity 11097K, committed 11216K, reserved 1048576K
}
Event: 47.527 GC heap before
{Heap before GC invocations=32 (full 1):
 garbage-first heap   total 181248K, used 83088K [0x0000000700000000, 0x0000000700100588, 0x00000007c0000000)
  region size 1024K, 11 young (11264K), 3 survivors (3072K)
 Metaspace       used 73991K, capacity 78425K, committed 78544K, reserved 1116160K
  class space    used 10381K, capacity 11161K, committed 11216K, reserved 1048576K
}
Event: 47.645 GC heap after
{Heap after GC invocations=33 (full 2):
 garbage-first heap   total 181248K, used 68171K [0x0000000700000000, 0x0000000700100588, 0x00000007c0000000)
  region size 1024K, 0 young (0K), 0 survivors (0K)
 Metaspace       used 73991K, capacity 78425K, committed 78544K, reserved 1116160K
  class space    used 10381K, capacity 11161K, committed 11216K, reserved 1048576K
}
Event: 128.919 GC heap before
{Heap before GC invocations=33 (full 2):
 garbage-first heap   total 181248K, used 129611K [0x0000000700000000, 0x0000000700100588, 0x00000007c0000000)
  region size 1024K, 60 young (61440K), 0 survivors (0K)
 Metaspace       used 74278K, capacity 78777K, committed 78800K, reserved 1116160K
  class space    used 10389K, capacity 11193K, committed 11216K, reserved 1048576K
}
Event: 129.061 GC heap after
{Heap after GC invocations=34 (full 2):
 garbage-first heap   total 181248K, used 68890K [0x0000000700000000, 0x0000000700100588, 0x00000007c0000000)
  region size 1024K, 1 young (1024K), 1 survivors (1024K)
 Metaspace       used 74278K, capacity 78777K, committed 78800K, reserved 1116160K
  class space    used 10389K, capacity 11193K, committed 11216K, reserved 1048576K
}

