# JRE version: Java(TM) SE Runtime Environment (9.0+11) (build 9.0.4+11)
# Java VM: Java HotSpot(TM) 64-Bit Server VM (9.0.4+11, mixed mode, tiered, compressed oops, g1 gc, windows-amd64)
Heap:
 garbage-first heap   total 181248K, used 88993K [0x0000000700000000, 0x0000000700100588, 0x00000007c0000000)
  region size 1024K, 29 young (29696K), 0 survivors (0K)
 Metaspace       used 75221K, capacity 79919K, committed 80208K, reserved 1118208K
  class space    used 10445K, capacity 11272K, committed 11344K, reserved 1048576K
GC Heap History (10 events):
Event: 679.393 GC heap before
{Heap before GC invocations=58 (full 17):
 garbage-first heap   total 181248K, used 61979K [0x0000000700000000, 0x0000000700100588, 0x00000007c0000000)
  region size 1024K, 3 young (3072K), 0 survivors (0K)
 Metaspace       used 75081K, capacity 79781K, committed 79952K, reserved 1118208K
  class space    used 10441K, capacity 11271K, committed 11344K, reserved 1048576K
}
Event: 679.514 GC heap after
{Heap after GC invocations=59 (full 18):
 garbage-first heap   total 181248K, used 59936K [0x0000000700000000, 0x0000000700100588, 0x00000007c0000000)
  region size 1024K, 0 young (0K), 0 survivors (0K)
 Metaspace       used 75081K, capacity 79781K, committed 79952K, reserved 1118208K
  class space    used 10441K, capacity 11271K, committed 11344K, reserved 1048576K
}
Event: 679.776 GC heap before
{Heap before GC invocations=59 (full 18):
 garbage-first heap   total 181248K, used 67104K [0x0000000700000000, 0x0000000700100588, 0x00000007c0000000)
  region size 1024K, 4 young (4096K), 0 survivors (0K)
 Metaspace       used 75085K, capacity 79781K, committed 79952K, reserved 1118208K
  class space    used 10441K, capacity 11271K, committed 11344K, reserved 1048576K
}
Event: 679.889 GC heap after
{Heap after GC invocations=60 (full 19):
 garbage-first heap   total 181248K, used 59963K [0x0000000700000000, 0x0000000700100588, 0x00000007c0000000)
  region size 1024K, 0 young (0K), 0 survivors (0K)
 Metaspace       used 75085K, capacity 79781K, committed 79952K, reserved 1118208K
  class space    used 10441K, capacity 11271K, committed 11344K, reserved 1048576K
}
Event: 680.000 GC heap before
{Heap before GC invocations=60 (full 19):
 garbage-first heap   total 181248K, used 62011K [0x0000000700000000, 0x0000000700100588, 0x00000007c0000000)
  region size 1024K, 3 young (3072K), 0 survivors (0K)
 Metaspace       used 75110K, capacity 79849K, committed 79952K, reserved 1118208K
  class space    used 10442K, capacity 11271K, committed 11344K, reserved 1048576K
}
Event: 680.114 GC heap after
{Heap after GC invocations=61 (full 20):
 garbage-first heap   total 181248K, used 59961K [0x0000000700000000, 0x0000000700100588, 0x00000007c0000000)
  region size 1024K, 0 young (0K), 0 survivors (0K)
 Metaspace       used 75110K, capacity 79849K, committed 79952K, reserved 1118208K
  class space    used 10442K, capacity 11271K, committed 11344K, reserved 1048576K
}
Event: 680.380 GC heap before
{Heap before GC invocations=61 (full 20):
 garbage-first heap   total 181248K, used 63033K [0x0000000700000000, 0x0000000700100588, 0x00000007c0000000)
  region size 1024K, 4 young (4096K), 0 survivors (0K)
 Metaspace       used 75118K, capacity 79849K, committed 79952K, reserved 1118208K
  class space    used 10442K, capacity 11271K, committed 11344K, reserved 1048576K
}
Event: 680.500 GC heap after
{Heap after GC invocations=62 (full 21):
 garbage-first heap   total 181248K, used 60087K [0x0000000700000000, 0x0000000700100588, 0x00000007c0000000)
  region size 1024K, 0 young (0K), 0 survivors (0K)
 Metaspace       used 75118K, capacity 79849K, committed 79952K, reserved 1118208K
  class space    used 10442K, capacity 11271K, committed 11344K, reserved 1048576K
}
Event: 683.485 GC heap before
{Heap before GC invocations=62 (full 21):
 garbage-first heap   total 181248K, used 74423K [0x0000000700000000, 0x0000000700100588, 0x00000007c0000000)
  region size 1024K, 15 young (15360K), 0 survivors (0K)
 Metaspace       used 75128K, capacity 79849K, committed 79952K, reserved 1118208K
  class space    used 10442K, capacity 11271K, committed 11344K, reserved 1048576K
}
Event: 683.626 GC heap after
{Heap after GC invocations=63 (full 22):
 garbage-first heap   total 181248K, used 60321K [0x0000000700000000, 0x0000000700100588, 0x00000007c0000000)
  region size 1024K, 0 young (0K), 0 survivors (0K)
 Metaspace       used 75128K, capacity 79849K, committed 79952K, reserved 1118208K
  class space    used 10442K, capacity 11271K, committed 11344K, reserved 1048576K
}

